  vector.c
  texture-font.c
c:\users\adun\desktop\adungl\adungl\adungl-core\exc\freetype-gl\texture-atlas.h : warning C4819: 현재 코드 페이지(949)에서 표시할 수 없는 문자가 파일에 들어 있습니다. 데이터가 손실되지 않게 하려면 해당 파일을 유니코드 형식으로 저장하십시오.
c:\users\adun\desktop\adungl\adungl\adungl-core\exc\freetype-gl\texture-font.c(340): warning C4996: 'strdup': The POSIX name for this item is deprecated. Instead, use the ISO C and C++ conformant name: _strdup. See online help for details.
  c:\program files (x86)\windows kits\10\include\10.0.15063.0\ucrt\string.h(538): note: 'strdup' 선언을 참조하십시오.
  texture-atlas.c
c:\users\adun\desktop\adungl\adungl\adungl-core\exc\freetype-gl\texture-atlas.h : warning C4819: 현재 코드 페이지(949)에서 표시할 수 없는 문자가 파일에 들어 있습니다. 데이터가 손실되지 않게 하려면 해당 파일을 유니코드 형식으로 저장하십시오.
c:\users\adun\desktop\adungl\adungl\adungl-core\exc\freetype-gl\texture-atlas.c(132): warning C4090: '=': 'const' 한정자가 서로 다릅니다.
c:\users\adun\desktop\adungl\adungl\adungl-core\exc\freetype-gl\texture-atlas.c(236): warning C4018: '<': signed 또는 unsigned가 일치하지 않습니다.
  platform.c
  코드를 생성하고 있습니다...
  main.cpp
c:\users\adun\desktop\adungl\adungl\adungl-core\maths\math_func.h(18): warning C4244: 'return': 'double'에서 'float'(으)로 변환하면서 데이터가 손실될 수 있습니다.
c:\users\adun\desktop\adungl\adungl\adungl-core\exc\freetype-gl\texture-atlas.h : warning C4819: 현재 코드 페이지(949)에서 표시할 수 없는 문자가 파일에 들어 있습니다. 데이터가 손실되지 않게 하려면 해당 파일을 유니코드 형식으로 저장하십시오.
c:\users\adun\desktop\adungl\adungl\dependencies\freeimage\freeimage.h : warning C4819: 현재 코드 페이지(949)에서 표시할 수 없는 문자가 파일에 들어 있습니다. 데이터가 손실되지 않게 하려면 해당 파일을 유니코드 형식으로 저장하십시오.
  fileutils.cpp
c:\users\adun\desktop\adungl\adungl\adungl-core\utils\fileutils.cpp(14): warning C4996: 'fopen': This function or variable may be unsafe. Consider using fopen_s instead. To disable deprecation, use _CRT_SECURE_NO_WARNINGS. See online help for details.
  c:\program files (x86)\windows kits\10\include\10.0.15063.0\ucrt\stdio.h(207): note: 'fopen' 선언을 참조하십시오.
  vec4.cpp
  vec3.cpp
  vec2.cpp
  mat4.cpp
c:\users\adun\desktop\adungl\adungl\adungl-core\maths\math_func.h(18): warning C4244: 'return': 'double'에서 'float'(으)로 변환하면서 데이터가 손실될 수 있습니다.
c:\users\adun\desktop\adungl\adungl\adungl-core\maths\mat4.cpp(215): warning C4244: '=': 'double'에서 'float'(으)로 변환하면서 데이터가 손실될 수 있습니다.
  window.cpp
c:\users\adun\desktop\adungl\adungl\adungl-core\maths\math_func.h(18): warning C4244: 'return': 'double'에서 'float'(으)로 변환하면서 데이터가 손실될 수 있습니다.
c:\users\adun\desktop\adungl\adungl\adungl-core\exc\freetype-gl\texture-atlas.h : warning C4819: 현재 코드 페이지(949)에서 표시할 수 없는 문자가 파일에 들어 있습니다. 데이터가 손실되지 않게 하려면 해당 파일을 유니코드 형식으로 저장하십시오.
c:\users\adun\desktop\adungl\adungl\dependencies\freeimage\freeimage.h : warning C4819: 현재 코드 페이지(949)에서 표시할 수 없는 문자가 파일에 들어 있습니다. 데이터가 손실되지 않게 하려면 해당 파일을 유니코드 형식으로 저장하십시오.
  texture_manager.cpp
c:\users\adun\desktop\adungl\adungl\dependencies\freeimage\freeimage.h : warning C4819: 현재 코드 페이지(949)에서 표시할 수 없는 문자가 파일에 들어 있습니다. 데이터가 손실되지 않게 하려면 해당 파일을 유니코드 형식으로 저장하십시오.
c:\users\adun\desktop\adungl\adungl\adungl-core\graphics\texture_manager.cpp(29): warning C4018: '<': signed 또는 unsigned가 일치하지 않습니다.
  texture.cpp
c:\users\adun\desktop\adungl\adungl\dependencies\freeimage\freeimage.h : warning C4819: 현재 코드 페이지(949)에서 표시할 수 없는 문자가 파일에 들어 있습니다. 데이터가 손실되지 않게 하려면 해당 파일을 유니코드 형식으로 저장하십시오.
  sprite.cpp
c:\users\adun\desktop\adungl\adungl\adungl-core\maths\math_func.h(18): warning C4244: 'return': 'double'에서 'float'(으)로 변환하면서 데이터가 손실될 수 있습니다.
c:\users\adun\desktop\adungl\adungl\adungl-core\exc\freetype-gl\texture-atlas.h : warning C4819: 현재 코드 페이지(949)에서 표시할 수 없는 문자가 파일에 들어 있습니다. 데이터가 손실되지 않게 하려면 해당 파일을 유니코드 형식으로 저장하십시오.
c:\users\adun\desktop\adungl\adungl\dependencies\freeimage\freeimage.h : warning C4819: 현재 코드 페이지(949)에서 표시할 수 없는 문자가 파일에 들어 있습니다. 데이터가 손실되지 않게 하려면 해당 파일을 유니코드 형식으로 저장하십시오.
c:\users\adun\desktop\adungl\adungl\adungl-core\graphics\sprite.cpp(25): warning C4244: '인수': 'unsigned int'에서 'const float'(으)로 변환하면서 데이터가 손실될 수 있습니다.
c:\users\adun\desktop\adungl\adungl\adungl-core\graphics\sprite.cpp(31): warning C4244: '인수': 'unsigned int'에서 'const float'(으)로 변환하면서 데이터가 손실될 수 있습니다.
  shader_factory.cpp
c:\users\adun\desktop\adungl\adungl\adungl-core\maths\math_func.h(18): warning C4244: 'return': 'double'에서 'float'(으)로 변환하면서 데이터가 손실될 수 있습니다.
  shader.cpp
c:\users\adun\desktop\adungl\adungl\adungl-core\maths\math_func.h(18): warning C4244: 'return': 'double'에서 'float'(으)로 변환하면서 데이터가 손실될 수 있습니다.
c:\users\adun\desktop\adungl\adungl\adungl-core\graphics\shaders\shader.cpp(106): warning C4474: 'printf' : 서식 문자열에 전달된 인수가 너무 많습니다.
  c:\users\adun\desktop\adungl\adungl\adungl-core\graphics\shaders\shader.cpp(106): note: 자리 표시자 및 해당 매개 변수에는 variadic 인수가 0개 필요하지만 1개가 제공되었습니다.
c:\users\adun\desktop\adungl\adungl\adungl-core\graphics\shaders\shader.cpp(132): warning C4474: 'printf' : 서식 문자열에 전달된 인수가 너무 많습니다.
  c:\users\adun\desktop\adungl\adungl\adungl-core\graphics\shaders\shader.cpp(132): note: 자리 표시자 및 해당 매개 변수에는 variadic 인수가 0개 필요하지만 1개가 제공되었습니다.
  batchrenderer2d.cpp
c:\users\adun\desktop\adungl\adungl\adungl-core\maths\math_func.h(18): warning C4244: 'return': 'double'에서 'float'(으)로 변환하면서 데이터가 손실될 수 있습니다.
c:\users\adun\desktop\adungl\adungl\adungl-core\exc\freetype-gl\texture-atlas.h : warning C4819: 현재 코드 페이지(949)에서 표시할 수 없는 문자가 파일에 들어 있습니다. 데이터가 손실되지 않게 하려면 해당 파일을 유니코드 형식으로 저장하십시오.
c:\users\adun\desktop\adungl\adungl\dependencies\freeimage\freeimage.h : warning C4819: 현재 코드 페이지(949)에서 표시할 수 없는 문자가 파일에 들어 있습니다. 데이터가 손실되지 않게 하려면 해당 파일을 유니코드 형식으로 저장하십시오.
c:\users\adun\desktop\adungl\adungl\adungl-core\graphics\renderers\batchrenderer2d.cpp(98): warning C4244: '인수': 'GLuint'에서 'float'(으)로 변환하면서 데이터가 손실될 수 있습니다.
c:\users\adun\desktop\adungl\adungl\adungl-core\graphics\renderers\batchrenderer2d.cpp(103): warning C4244: '인수': 'GLuint'에서 'float'(으)로 변환하면서 데이터가 손실될 수 있습니다.
c:\users\adun\desktop\adungl\adungl\adungl-core\graphics\renderers\batchrenderer2d.cpp(143): warning C4018: '<': signed 또는 unsigned가 일치하지 않습니다.
c:\users\adun\desktop\adungl\adungl\adungl-core\graphics\renderers\batchrenderer2d.cpp(190): warning C4244: '초기화 중': 'float'에서 'int'(으)로 변환하면서 데이터가 손실될 수 있습니다.
c:\users\adun\desktop\adungl\adungl\adungl-core\graphics\renderers\batchrenderer2d.cpp(191): warning C4244: '초기화 중': 'float'에서 'int'(으)로 변환하면서 데이터가 손실될 수 있습니다.
c:\users\adun\desktop\adungl\adungl\adungl-core\graphics\renderers\batchrenderer2d.cpp(192): warning C4244: '초기화 중': 'float'에서 'int'(으)로 변환하면서 데이터가 손실될 수 있습니다.
c:\users\adun\desktop\adungl\adungl\adungl-core\graphics\renderers\batchrenderer2d.cpp(193): warning C4244: '초기화 중': 'float'에서 'int'(으)로 변환하면서 데이터가 손실될 수 있습니다.
c:\users\adun\desktop\adungl\adungl\adungl-core\graphics\renderers\batchrenderer2d.cpp(253): warning C4244: '초기화 중': 'float'에서 'int'(으)로 변환하면서 데이터가 손실될 수 있습니다.
c:\users\adun\desktop\adungl\adungl\adungl-core\graphics\renderers\batchrenderer2d.cpp(254): warning C4244: '초기화 중': 'float'에서 'int'(으)로 변환하면서 데이터가 손실될 수 있습니다.
c:\users\adun\desktop\adungl\adungl\adungl-core\graphics\renderers\batchrenderer2d.cpp(255): warning C4244: '초기화 중': 'float'에서 'int'(으)로 변환하면서 데이터가 손실될 수 있습니다.
c:\users\adun\desktop\adungl\adungl\adungl-core\graphics\renderers\batchrenderer2d.cpp(256): warning C4244: '초기화 중': 'float'에서 'int'(으)로 변환하면서 데이터가 손실될 수 있습니다.
c:\users\adun\desktop\adungl\adungl\adungl-core\graphics\renderers\batchrenderer2d.cpp(265): warning C4018: '<': signed 또는 unsigned가 일치하지 않습니다.
c:\users\adun\desktop\adungl\adungl\adungl-core\graphics\renderers\batchrenderer2d.cpp(295): warning C4018: '<': signed 또는 unsigned가 일치하지 않습니다.
c:\users\adun\desktop\adungl\adungl\adungl-core\graphics\renderers\batchrenderer2d.cpp(358): warning C4018: '<': signed 또는 unsigned가 일치하지 않습니다.
  mesh_factory.cpp
c:\users\adun\desktop\adungl\adungl\adungl-core\maths\math_func.h(18): warning C4244: 'return': 'double'에서 'float'(으)로 변환하면서 데이터가 손실될 수 있습니다.
c:\users\adun\desktop\adungl\adungl\adungl-core\exc\freetype-gl\texture-atlas.h : warning C4819: 현재 코드 페이지(949)에서 표시할 수 없는 문자가 파일에 들어 있습니다. 데이터가 손실되지 않게 하려면 해당 파일을 유니코드 형식으로 저장하십시오.
c:\users\adun\desktop\adungl\adungl\dependencies\freeimage\freeimage.h : warning C4819: 현재 코드 페이지(949)에서 표시할 수 없는 문자가 파일에 들어 있습니다. 데이터가 손실되지 않게 하려면 해당 파일을 유니코드 형식으로 저장하십시오.
  layer.cpp
c:\users\adun\desktop\adungl\adungl\adungl-core\maths\math_func.h(18): warning C4244: 'return': 'double'에서 'float'(으)로 변환하면서 데이터가 손실될 수 있습니다.
c:\users\adun\desktop\adungl\adungl\adungl-core\exc\freetype-gl\texture-atlas.h : warning C4819: 현재 코드 페이지(949)에서 표시할 수 없는 문자가 파일에 들어 있습니다. 데이터가 손실되지 않게 하려면 해당 파일을 유니코드 형식으로 저장하십시오.
c:\users\adun\desktop\adungl\adungl\dependencies\freeimage\freeimage.h : warning C4819: 현재 코드 페이지(949)에서 표시할 수 없는 문자가 파일에 들어 있습니다. 데이터가 손실되지 않게 하려면 해당 파일을 유니코드 형식으로 저장하십시오.
c:\users\adun\desktop\adungl\adungl\adungl-core\graphics\layers\layer.cpp(29): warning C4018: '<': signed 또는 unsigned가 일치하지 않습니다.
  group.cpp
c:\users\adun\desktop\adungl\adungl\adungl-core\maths\math_func.h(18): warning C4244: 'return': 'double'에서 'float'(으)로 변환하면서 데이터가 손실될 수 있습니다.
c:\users\adun\desktop\adungl\adungl\adungl-core\exc\freetype-gl\texture-atlas.h : warning C4819: 현재 코드 페이지(949)에서 표시할 수 없는 문자가 파일에 들어 있습니다. 데이터가 손실되지 않게 하려면 해당 파일을 유니코드 형식으로 저장하십시오.
c:\users\adun\desktop\adungl\adungl\dependencies\freeimage\freeimage.h : warning C4819: 현재 코드 페이지(949)에서 표시할 수 없는 문자가 파일에 들어 있습니다. 데이터가 손실되지 않게 하려면 해당 파일을 유니코드 형식으로 저장하십시오.
c:\users\adun\desktop\adungl\adungl\adungl-core\graphics\layers\group.cpp(19): warning C4018: '<': signed 또는 unsigned가 일치하지 않습니다.
  label.cpp
c:\users\adun\desktop\adungl\adungl\adungl-core\maths\math_func.h(18): warning C4244: 'return': 'double'에서 'float'(으)로 변환하면서 데이터가 손실될 수 있습니다.
c:\users\adun\desktop\adungl\adungl\adungl-core\exc\freetype-gl\texture-atlas.h : warning C4819: 현재 코드 페이지(949)에서 표시할 수 없는 문자가 파일에 들어 있습니다. 데이터가 손실되지 않게 하려면 해당 파일을 유니코드 형식으로 저장하십시오.
c:\users\adun\desktop\adungl\adungl\dependencies\freeimage\freeimage.h : warning C4819: 현재 코드 페이지(949)에서 표시할 수 없는 문자가 파일에 들어 있습니다. 데이터가 손실되지 않게 하려면 해당 파일을 유니코드 형식으로 저장하십시오.
  font_manager.cpp
c:\users\adun\desktop\adungl\adungl\adungl-core\maths\math_func.h(18): warning C4244: 'return': 'double'에서 'float'(으)로 변환하면서 데이터가 손실될 수 있습니다.
c:\users\adun\desktop\adungl\adungl\adungl-core\exc\freetype-gl\texture-atlas.h : warning C4819: 현재 코드 페이지(949)에서 표시할 수 없는 문자가 파일에 들어 있습니다. 데이터가 손실되지 않게 하려면 해당 파일을 유니코드 형식으로 저장하십시오.
c:\users\adun\desktop\adungl\adungl\adungl-core\graphics\font_manager.cpp(43): warning C4018: '<': signed 또는 unsigned가 일치하지 않습니다.
  font.cpp
c:\users\adun\desktop\adungl\adungl\adungl-core\maths\math_func.h(18): warning C4244: 'return': 'double'에서 'float'(으)로 변환하면서 데이터가 손실될 수 있습니다.
c:\users\adun\desktop\adungl\adungl\adungl-core\exc\freetype-gl\texture-atlas.h : warning C4819: 현재 코드 페이지(949)에서 표시할 수 없는 문자가 파일에 들어 있습니다. 데이터가 손실되지 않게 하려면 해당 파일을 유니코드 형식으로 저장하십시오.
c:\users\adun\desktop\adungl\adungl\adungl-core\graphics\font.cpp(15): warning C4244: '인수': 'int'에서 'const float'(으)로 변환하면서 데이터가 손실될 수 있습니다.
  vertexArray.cpp
c:\users\adun\desktop\adungl\adungl\adungl-core\graphics\buffers\vertexarray.cpp(24): warning C4018: '<': signed 또는 unsigned가 일치하지 않습니다.
  코드를 생성하고 있습니다...
  컴파일하고 있습니다...
  indexBuffer.cpp
  frameBuffer.cpp
c:\users\adun\desktop\adungl\adungl\dependencies\freeimage\freeimage.h : warning C4819: 현재 코드 페이지(949)에서 표시할 수 없는 문자가 파일에 들어 있습니다. 데이터가 손실되지 않게 하려면 해당 파일을 유니코드 형식으로 저장하십시오.
  buffer.cpp
  코드를 생성하고 있습니다...
  AdunGL.vcxproj -> C:\Users\adun\Desktop\AdunGL\Debug\AdunGL.exe
  AdunGL.vcxproj -> C:\Users\adun\Desktop\AdunGL\Debug\AdunGL.pdb (Partial PDB)
