c:\users\adun\desktop\adungl\adungl\debug\vc141.pdb
c:\users\adun\desktop\adungl\adungl\debug\vc141.idb
c:\users\adun\desktop\adungl\adungl\debug\platform.obj
c:\users\adun\desktop\adungl\adungl\debug\texture-atlas.obj
c:\users\adun\desktop\adungl\adungl\debug\texture-font.obj
c:\users\adun\desktop\adungl\adungl\debug\vector.obj
c:\users\adun\desktop\adungl\adungl\debug\vertexarray.obj
c:\users\adun\desktop\adungl\adungl\debug\font.obj
c:\users\adun\desktop\adungl\adungl\debug\font_manager.obj
c:\users\adun\desktop\adungl\adungl\debug\shader.obj
c:\users\adun\desktop\adungl\adungl\debug\shader_factory.obj
c:\users\adun\desktop\adungl\adungl\debug\mat4.obj
c:\users\adun\desktop\adungl\adungl\debug\vec2.obj
c:\users\adun\desktop\adungl\adungl\debug\vec3.obj
c:\users\adun\desktop\adungl\adungl\debug\vec4.obj
c:\users\adun\desktop\adungl\adungl\debug\fileutils.obj
c:\users\adun\desktop\adungl\adungl\debug\buffer.obj
c:\users\adun\desktop\adungl\adungl\debug\indexbuffer.obj
c:\users\adun\desktop\adungl\adungl\debug\label.obj
c:\users\adun\desktop\adungl\adungl\debug\group.obj
c:\users\adun\desktop\adungl\adungl\debug\layer.obj
c:\users\adun\desktop\adungl\adungl\debug\mesh_factory.obj
c:\users\adun\desktop\adungl\adungl\debug\batchrenderer2d.obj
c:\users\adun\desktop\adungl\adungl\debug\sprite.obj
c:\users\adun\desktop\adungl\adungl\debug\texture.obj
c:\users\adun\desktop\adungl\adungl\debug\texture_manager.obj
c:\users\adun\desktop\adungl\adungl\debug\window.obj
c:\users\adun\desktop\adungl\adungl\debug\main.obj
c:\users\adun\desktop\adungl\adungl\debug\framebuffer.obj
c:\users\adun\desktop\adungl\adungl\debug\post_effect.obj
c:\users\adun\desktop\adungl\adungl\debug\post_effect_pass.obj
c:\users\adun\desktop\adungl\debug\adungl.ilk
c:\users\adun\desktop\adungl\debug\adungl.exe
c:\users\adun\desktop\adungl\debug\adungl.pdb
c:\users\adun\desktop\adungl\adungl\debug\adungl.tlog\cl.command.1.tlog
c:\users\adun\desktop\adungl\adungl\debug\adungl.tlog\cl.read.1.tlog
c:\users\adun\desktop\adungl\adungl\debug\adungl.tlog\cl.write.1.tlog
c:\users\adun\desktop\adungl\adungl\debug\adungl.tlog\link.command.1.tlog
c:\users\adun\desktop\adungl\adungl\debug\adungl.tlog\link.read.1.tlog
c:\users\adun\desktop\adungl\adungl\debug\adungl.tlog\link.write.1.tlog
