  vector.c
  texture-font.c
c:\users\adunstudio\desktop\adungl\adungl\adungl-core\exc\freetype-gl\texture-atlas.h : warning C4819: 현재 코드 페이지(949)에서 표시할 수 없는 문자가 파일에 들어 있습니다. 데이터가 손실되지 않게 하려면 해당 파일을 유니코드 형식으로 저장하십시오.
c:\users\adunstudio\desktop\adungl\adungl\adungl-core\exc\freetype-gl\texture-font.c(93): warning C4267: '함수': 'size_t'에서 'FT_Long'(으)로 변환하면서 데이터가 손실될 수 있습니다.
c:\users\adunstudio\desktop\adungl\adungl\adungl-core\exc\freetype-gl\texture-font.c(340): error C4996: 'strdup': The POSIX name for this item is deprecated. Instead, use the ISO C and C++ conformant name: _strdup. See online help for details.
  c:\program files (x86)\windows kits\10\include\10.0.15063.0\ucrt\string.h(538): note: 'strdup' 선언을 참조하십시오.
  texture-atlas.c
c:\users\adunstudio\desktop\adungl\adungl\adungl-core\exc\freetype-gl\texture-atlas.h : warning C4819: 현재 코드 페이지(949)에서 표시할 수 없는 문자가 파일에 들어 있습니다. 데이터가 손실되지 않게 하려면 해당 파일을 유니코드 형식으로 저장하십시오.
c:\users\adunstudio\desktop\adungl\adungl\adungl-core\exc\freetype-gl\texture-atlas.c(53): warning C4267: '초기화 중': 'size_t'에서 'int'(으)로 변환하면서 데이터가 손실될 수 있습니다.
c:\users\adunstudio\desktop\adungl\adungl\adungl-core\exc\freetype-gl\texture-atlas.c(132): warning C4090: '=': 'const' 한정자가 서로 다릅니다.
c:\users\adunstudio\desktop\adungl\adungl\adungl-core\exc\freetype-gl\texture-atlas.c(164): warning C4267: '=': 'size_t'에서 'int'(으)로 변환하면서 데이터가 손실될 수 있습니다.
c:\users\adunstudio\desktop\adungl\adungl\adungl-core\exc\freetype-gl\texture-atlas.c(239): warning C4267: '=': 'size_t'에서 'int'(으)로 변환하면서 데이터가 손실될 수 있습니다.
c:\users\adunstudio\desktop\adungl\adungl\adungl-core\exc\freetype-gl\texture-atlas.c(240): warning C4267: '=': 'size_t'에서 'int'(으)로 변환하면서 데이터가 손실될 수 있습니다.
c:\users\adunstudio\desktop\adungl\adungl\adungl-core\exc\freetype-gl\texture-atlas.c(265): warning C4267: '=': 'size_t'에서 'int'(으)로 변환하면서 데이터가 손실될 수 있습니다.
c:\users\adunstudio\desktop\adungl\adungl\adungl-core\exc\freetype-gl\texture-atlas.c(266): warning C4267: '=': 'size_t'에서 'int'(으)로 변환하면서 데이터가 손실될 수 있습니다.
c:\users\adunstudio\desktop\adungl\adungl\adungl-core\exc\freetype-gl\texture-atlas.c(222): warning C4267: '초기화 중': 'size_t'에서 'int'(으)로 변환하면서 데이터가 손실될 수 있습니다.
c:\users\adunstudio\desktop\adungl\adungl\adungl-core\exc\freetype-gl\texture-atlas.c(314): warning C4267: '=': 'size_t'에서 'int'(으)로 변환하면서 데이터가 손실될 수 있습니다.
c:\users\adunstudio\desktop\adungl\adungl\adungl-core\exc\freetype-gl\texture-atlas.c(341): warning C4267: '함수': 'size_t'에서 'GLsizei'(으)로 변환하면서 데이터가 손실될 수 있습니다.
c:\users\adunstudio\desktop\adungl\adungl\adungl-core\exc\freetype-gl\texture-atlas.c(350): warning C4267: '함수': 'size_t'에서 'GLsizei'(으)로 변환하면서 데이터가 손실될 수 있습니다.
c:\users\adunstudio\desktop\adungl\adungl\adungl-core\exc\freetype-gl\texture-atlas.c(355): warning C4267: '함수': 'size_t'에서 'GLsizei'(으)로 변환하면서 데이터가 손실될 수 있습니다.
c:\users\adunstudio\desktop\adungl\adungl\adungl-core\exc\freetype-gl\texture-atlas.c(360): warning C4267: '함수': 'size_t'에서 'GLsizei'(으)로 변환하면서 데이터가 손실될 수 있습니다.
  platform.c
  코드를 생성하고 있습니다...
